1631308667072	geckodriver	INFO	Listening on 127.0.0.1:63543
1631308670170	mozrunner::runner	INFO	Running command: "C:\\Program Files\\Mozilla Firefox\\firefox.exe" "--marionette" "-foreground" "-no-remote" "-profile" "C:\\Users\\MICHAE~1\\AppData\\Local\\Temp\\rust_mozprofile3q6tav"
1631308710977	geckodriver	INFO	Listening on 127.0.0.1:58576
1631308714067	mozrunner::runner	INFO	Running command: "C:\\Program Files\\Mozilla Firefox\\firefox.exe" "--marionette" "-foreground" "-no-remote" "-profile" "C:\\Users\\MICHAE~1\\AppData\\Local\\Temp\\rust_mozprofileAjRznG"
1631308714863	Marionette	INFO	Marionette enabled
console.warn: SearchSettings: "get: No settings file exists, new profile?" (new NotFoundError("Could not open the file at C:\\Users\\Michael Bock\\AppData\\Local\\Temp\\rust_mozprofileAjRznG\\search.json.mozlz4", (void 0)))
1631308718435	Marionette	INFO	Listening on port 56311
1631308718944	Marionette	WARN	TLS certificate errors will be ignored for this session
SourceActor threw an exception: [Exception... "Component returned failure code: 0x80470002 (NS_BASE_STREAM_CLOSED) [nsIInputStream.available]"  nsresult: "0x80470002 (NS_BASE_STREAM_CLOSED)"  location: "JS frame :: resource://devtools/shared/DevToolsUtils.js :: onResponse :: line 567"  data: no]
Stack: onResponse@resource://devtools/shared/DevToolsUtils.js:567:34
onStopRequest@resource://gre/modules/NetUtil.jsm:128:18
Line: 567, column: 0
console.error: ({})
JavaScript error: resource://devtools/shared/DevToolsUtils.js, line 567: NS_BASE_STREAM_CLOSED: Component returned failure code: 0x80470002 (NS_BASE_STREAM_CLOSED) [nsIInputStream.available]
SourceActor threw an exception: [Exception... "Component returned failure code: 0x80470002 (NS_BASE_STREAM_CLOSED) [nsIInputStream.available]"  nsresult: "0x80470002 (NS_BASE_STREAM_CLOSED)"  location: "JS frame :: resource://devtools/shared/DevToolsUtils.js :: onResponse :: line 567"  data: no]
Stack: onResponse@resource://devtools/shared/DevToolsUtils.js:567:34
onStopRequest@resource://gre/modules/NetUtil.jsm:128:18
Line: 567, column: 0
console.error: ({})
JavaScript error: resource://devtools/shared/DevToolsUtils.js, line 567: NS_BASE_STREAM_CLOSED: Component returned failure code: 0x80470002 (NS_BASE_STREAM_CLOSED) [nsIInputStream.available]
console.log: WebExtensions: reset-default-search: starting.
console.log: WebExtensions: reset-default-search: No addons in our list are installed.
JavaScript error: , line 0: TypeError: NetworkError when attempting to fetch resource.
JavaScript error: , line 0: TypeError: NetworkError when attempting to fetch resource.
1631309509396	Marionette	INFO	Stopped listening on port 56311

###!!! [Child][RunMessage] Error: Channel closing: too late to send/recv, messages will be lost

1631309511525	geckodriver	INFO	Listening on 127.0.0.1:59716
1631309514638	mozrunner::runner	INFO	Running command: "C:\\Program Files\\Mozilla Firefox\\firefox.exe" "--marionette" "-foreground" "-no-remote" "-profile" "C:\\Users\\MICHAE~1\\AppData\\Local\\Temp\\rust_mozprofileJC1kU0"
1631309515577	Marionette	INFO	Marionette enabled
console.warn: SearchSettings: "get: No settings file exists, new profile?" (new NotFoundError("Could not open the file at C:\\Users\\Michael Bock\\AppData\\Local\\Temp\\rust_mozprofileJC1kU0\\search.json.mozlz4", (void 0)))
1631309518916	Marionette	INFO	Listening on port 59724
1631309519058	Marionette	WARN	TLS certificate errors will be ignored for this session
JavaScript error: , line 0: TypeError: NetworkError when attempting to fetch resource.
JavaScript error: , line 0: TypeError: NetworkError when attempting to fetch resource.
1631309565612	Marionette	INFO	Stopped listening on port 59724

###!!! [Child][RunMessage] Error: Channel closing: too late to send/recv, messages will be lost

1631309567013	geckodriver	INFO	Listening on 127.0.0.1:61045
1631309570139	mozrunner::runner	INFO	Running command: "C:\\Program Files\\Mozilla Firefox\\firefox.exe" "--marionette" "-foreground" "-no-remote" "-profile" "C:\\Users\\MICHAE~1\\AppData\\Local\\Temp\\rust_mozprofiler6l7EP"
1631309571086	Marionette	INFO	Marionette enabled
console.warn: SearchSettings: "get: No settings file exists, new profile?" (new NotFoundError("Could not open the file at C:\\Users\\Michael Bock\\AppData\\Local\\Temp\\rust_mozprofiler6l7EP\\search.json.mozlz4", (void 0)))
1631309573919	Marionette	INFO	Listening on port 61054
1631309574399	Marionette	WARN	TLS certificate errors will be ignored for this session
1631309583140	Marionette	WARN	Ignoring event 'pageshow' because document has an invalid readyState of 'uninitialized'.
SourceActor threw an exception: [Exception... "Component returned failure code: 0x80470002 (NS_BASE_STREAM_CLOSED) [nsIInputStream.available]"  nsresult: "0x80470002 (NS_BASE_STREAM_CLOSED)"  location: "JS frame :: resource://devtools/shared/DevToolsUtils.js :: onResponse :: line 567"  data: no]
Stack: onResponse@resource://devtools/shared/DevToolsUtils.js:567:34
onStopRequest@resource://gre/modules/NetUtil.jsm:128:18
Line: 567, column: 0
console.error: ({})
JavaScript error: resource://devtools/shared/DevToolsUtils.js, line 567: NS_BASE_STREAM_CLOSED: Component returned failure code: 0x80470002 (NS_BASE_STREAM_CLOSED) [nsIInputStream.available]
SourceActor threw an exception: [Exception... "Component returned failure code: 0x80470002 (NS_BASE_STREAM_CLOSED) [nsIInputStream.available]"  nsresult: "0x80470002 (NS_BASE_STREAM_CLOSED)"  location: "JS frame :: resource://devtools/shared/DevToolsUtils.js :: onResponse :: line 567"  data: no]
Stack: onResponse@resource://devtools/shared/DevToolsUtils.js:567:34
onStopRequest@resource://gre/modules/NetUtil.jsm:128:18
Line: 567, column: 0
console.error: ({})
JavaScript error: resource://devtools/shared/DevToolsUtils.js, line 567: NS_BASE_STREAM_CLOSED: Component returned failure code: 0x80470002 (NS_BASE_STREAM_CLOSED) [nsIInputStream.available]
console.error: "Error while calling actor 'layout's method 'getGrids'" "node is null"
console.error: (new TypeError("node is null", "resource://devtools/server/actors/layout.js", 502))
JavaScript error: , line 0: TypeError: NetworkError when attempting to fetch resource.
1631309853133	Marionette	INFO	Stopped listening on port 61054

###!!! [Child][RunMessage] Error: Channel closing: too late to send/recv, messages will be lost

l\\Temp\\rust_mozprofilenhr4fJ"
1631309852810	Marionette	INFO	Marionette enabled
console.warn: SearchSettings: "get: No settings file exists, new profile?" (new NotFoundError("Could not open the file at C:\\Users\\Michael Bock\\AppData\\Local\\Temp\\rust_mozprofilenhr4fJ\\search.json.mozlz4", (void 0)))
1631309856521	Marionette	INFO	Listening on port 58799
1631309856987	Marionette	WARN	TLS certificate errors will be ignored for this session
1631309864801	Marionette	WARN	Ignoring event 'pageshow' because document has an invalid readyState of 'uninitialized'.
SourceActor threw an exception: [Exception... "Component returned failure code: 0x80470002 (NS_BASE_STREAM_CLOSED) [nsIInputStream.available]"  nsresult: "0x80470002 (NS_BASE_STREAM_CLOSED)"  location: "JS frame :: resource://devtools/shared/DevToolsUtils.js :: onResponse :: line 567"  data: no]
Stack: onResponse@resource://devtools/shared/DevToolsUtils.js:567:34
onStopRequest@resource://gre/modules/NetUtil.jsm:128:18
Line: 567, column: 0
console.error: ({})
JavaScript error: resource://devtools/shared/DevToolsUtils.js, line 567: NS_BASE_STREAM_CLOSED: Component returned failure code: 0x80470002 (NS_BASE_STREAM_CLOSED) [nsIInputStream.available]
SourceActor threw an exception: [Exception... "Component returned failure code: 0x80470002 (NS_BASE_STREAM_CLOSED) [nsIInputStream.available]"  nsresult: "0x80470002 (NS_BASE_STREAM_CLOSED)"  location: "JS frame :: resource://devtools/shared/DevToolsUtils.js :: onResponse :: line 567"  data: no]
Stack: onResponse@resource://devtools/shared/DevToolsUtils.js:567:34
onStopRequest@resource://gre/modules/NetUtil.jsm:128:18
Line: 567, column: 0
console.error: ({})
JavaScript error: resource://devtools/shared/DevToolsUtils.js, line 567: NS_BASE_STREAM_CLOSED: Component returned failure code: 0x80470002 (NS_BASE_STREAM_CLOSED) [nsIInputStream.available]
Handler function threw an exception: [Exception... "Component returned failure code: 0x80040111 (NS_ERROR_NOT_AVAILABLE) [nsIHttpChannelInternal.remoteAddress]"  nsresult: "0x80040111 (NS_ERROR_NOT_AVAILABLE)"  location: "JS frame :: resource://devtools/server/actors/network-monitor/network-observer.js :: _onResponseHeader :: line 1043"  data: no]
Stack: _onResponseHeader@resource://devtools/server/actors/network-monitor/network-observer.js:1043:5
_dispatchActivity@resource://devtools/server/actors/network-monitor/network-observer.js:620:14
NetworkObserver.prototype.observeActivity<@resource://devtools/server/actors/network-monitor/network-observer.js:729:12
exports.makeInfallible/<@resource://devtools/shared/ThreadSafeDevToolsUtils.js:103:22
Line: 1043, column: 0
console.error: ({})
Handler function threw an exception: [Exception... "Component returned failure code: 0x80040111 (NS_ERROR_NOT_AVAILABLE) [nsIHttpChannelInternal.remoteAddress]"  nsresult: "0x80040111 (NS_ERROR_NOT_AVAILABLE)"  location: "JS frame :: resource://devtools/server/actors/network-monitor/network-observer.js :: _onResponseHeader :: line 1043"  data: no]
Stack: _onResponseHeader@resource://devtools/server/actors/network-monitor/network-observer.js:1043:5
_dispatchActivity@resource://devtools/server/actors/network-monitor/network-observer.js:620:14
NetworkObserver.prototype.observeActivity<@resource://devtools/server/actors/network-monitor/network-observer.js:729:12
exports.makeInfallible/<@resource://devtools/shared/ThreadSafeDevToolsUtils.js:103:22
Line: 1043, column: 0
console.error: ({})
Handler function threw an exception: [Exception... "Component returned failure code: 0x80040111 (NS_ERROR_NOT_AVAILABLE) [nsIHttpChannelInternal.remoteAddress]"  nsresult: "0x80040111 (NS_ERROR_NOT_AVAILABLE)"  location: "JS frame :: resource://devtools/server/actors/network-monitor/network-observer.js :: _onResponseHeader :: line 1043"  data: no]
Stack: _onResponseHeader@resource://devtools/server/actors/network-monitor/network-observer.js:1043:5
_dispatchActivity@resource://devtools/server/actors/network-monitor/network-observer.js:620:14
NetworkObserver.prototype.observeActivity<@resource://devtools/server/actors/network-monitor/network-observer.js:729:12
exports.makeInfallible/<@resource://devtools/shared/ThreadSafeDevToolsUtils.js:103:22
Line: 1043, column: 0
console.error: ({})
SourceActor threw an exception: [Exception... "Component returned failure code: 0x80470002 (NS_BASE_STREAM_CLOSED) [nsIInputStream.available]"  nsresult: "0x80470002 (NS_BASE_STREAM_CLOSED)"  location: "JS frame :: resource://devtools/shared/DevToolsUtils.js :: onResponse :: line 567"  data: no]
Stack: onResponse@resource://devtools/shared/DevToolsUtils.js:567:34
onStopRequest@resource://gre/modules/NetUtil.jsm:128:18
Line: 567, column: 0
console.error: ({})
JavaScript error: resource://devtools/shared/DevToolsUtils.js, line 567: NS_BASE_STREAM_CLOSED: Component returned failure code: 0x80470002 (NS_BASE_STREAM_CLOSED) [nsIInputStream.available]
JavaScript error: , line 0: TypeError: NetworkError when attempting to fetch resource.
JavaScript error: , line 0: TypeError: NetworkError when attempting to fetch resource.
Handler function threw an exception: [Exception... "Component returned failure code: 0x80040111 (NS_ERROR_NOT_AVAILABLE) [nsIHttpChannelInternal.remoteAddress]"  nsresult: "0x80040111 (NS_ERROR_NOT_AVAILABLE)"  location: "JS frame :: resource://devtools/server/actors/network-monitor/network-observer.js :: _onResponseHeader :: line 1043"  data: no]
Stack: _onResponseHeader@resource://devtools/server/actors/network-monitor/network-observer.js:1043:5
_dispatchActivity@resource://devtools/server/actors/network-monitor/network-observer.js:620:14
NetworkObserver.prototype.observeActivity<@resource://devtools/server/actors/network-monitor/network-observer.js:729:12
exports.makeInfallible/<@resource://devtools/shared/ThreadSafeDevToolsUtils.js:103:22
Line: 1043, column: 0
console.error: ({})
JavaScript error: , line 0: TypeError: NetworkError when attempting to fetch resource.
[Parent 9004, IPC I/O Parent] WARNING: file /builds/worker/checkouts/gecko/ipc/chromium/src/base/process_util_win.cc:167
1631310182193	Marionette	INFO	Stopped listening on port 58799
1631310183637	geckodriver	INFO	Listening on 127.0.0.1:50485
1631310186750	mozrunner::runner	INFO	Running command: "C:\\Program Files\\Mozilla Firefox\\firefox.exe" "--marionette" "-foreground" "-no-remote" "-profile" "C:\\Users\\MICHAE~1\\AppData\\Local\\Temp\\rust_mozprofileeSx1j6"
1631310187564	Marionette	INFO	Marionette enabled
console.warn: SearchSettings: "get: No settings file exists, new profile?" (new NotFoundError("Could not open the file at C:\\Users\\Michael Bock\\AppData\\Local\\Temp\\rust_mozprofileeSx1j6\\search.json.mozlz4", (void 0)))
1631310190667	Marionette	INFO	Listening on port 50493
1631310190963	Marionette	WARN	TLS certificate errors will be ignored for this session
1631310199869	Marionette	WARN	Ignoring event 'pageshow' because document has an invalid readyState of 'uninitialized'.
JavaScript error: , line 0: TypeError: NetworkError when attempting to fetch resource.
JavaScript error: , line 0: TypeError: NetworkError when attempting to fetch resource.
1631310255754	Marionette	INFO	Stopped listening on port 50493

###!!! [Child][RunMessage] Error: Channel closing: too late to send/recv, messages will be lost

1631310256898	geckodriver	INFO	Listening on 127.0.0.1:51714
1631310260015	mozrunner::runner	INFO	Running command: "C:\\Program Files\\Mozilla Firefox\\firefox.exe" "--marionette" "-foreground" "-no-remote" "-profile" "C:\\Users\\MICHAE~1\\AppData\\Local\\Temp\\rust_mozprofileYDEgLV"
1631310260862	Marionette	INFO	Marionette enabled
console.warn: SearchSettings: "get: No settings file exists, new profile?" (new NotFoundError("Could not open the file at C:\\Users\\Michael Bock\\AppData\\Local\\Temp\\rust_mozprofileYDEgLV\\search.json.mozlz4", (void 0)))
1631310264031	Marionette	INFO	Listening on port 51723
1631310264230	Marionette	WARN	TLS certificate errors will be ignored for this session
1631310272803	Marionette	WARN	Ignoring event 'pageshow' because document has an invalid readyState of 'uninitialized'.
JavaScript error: , line 0: TypeError: NetworkError when attempting to fetch resource.
JavaScript error: , line 0: TypeError: NetworkError when attempting to fetch resource.
1631310325099	Marionette	INFO	Stopped listening on port 51723
1631310851074	geckodriver	INFO	Listening on 127.0.0.1:50547
1631310854185	mozrunner::runner	INFO	Running command: "C:\\Program Files\\Mozilla Firefox\\firefox.exe" "--marionette" "-foreground" "-no-remote" "-profile" "C:\\Users\\MICHAE~1\\AppData\\Local\\Temp\\rust_mozprofileYkSYpj"
1631310854992	Marionette	INFO	Marionette enabled
console.warn: SearchSettings: "get: No settings file exists, new profile?" (new NotFoundError("Could not open the file at C:\\Users\\Michael Bock\\AppData\\Local\\Temp\\rust_mozprofileYkSYpj\\search.json.mozlz4", (void 0)))
1631310858149	Marionette	INFO	Listening on port 50557
1631310858419	Marionette	WARN	TLS certificate errors will be ignored for this session
1631310866843	Marionette	WARN	Ignoring event 'pageshow' because document has an invalid readyState of 'uninitialized'.
JavaScript error: , line 0: TypeError: NetworkError when attempting to fetch resource.
1631310991620	Marionette	INFO	Stopped listening on port 50551631310992311	mozrunner::runner	INFO	Running command: "C:\\Program Files\\Mozilla Firefox\\firefox.exe" "--marionette" "-foreground" "-no-remote" "-profile" "C:\\Users\\MICHAE~1\\AppData\\Local\\Temp\\rust_mozprofileMaRD6f"
1631310993031	Marionette	INFO	Marionette enabled
console.warn: SearchSettings: "get: No settings file exists, new profile?" (new NotFoundError("Could not open the file at C:\\Users\\Michael Bock\\AppData\\Local\\Temp\\rust_mozprofileMaRD6f\\search.json.mozlz4", (void 0)))
1631310996228	Marionette	INFO	Listening on port 62020
1631310996570	Marionette	WARN	TLS certificate errors will be ignored for this session
1631311003482	Marionette	WARN	Ignoring event 'pageshow' because document has an invalid readyState of 'uninitialized'.
1631311004508	Marionette	WARN	Ignoring event 'pageshow' because document has an invalid readyState of 'uninitialized'.
console.log: WebExtensions: reset-default-search: starting.
console.log: WebExtensions: reset-default-search: No addons in our list are installed.
1631311504526	Marionette	INFO	Stopped listening on port 62020

###!!! [Child][RunMessage] Error: Channel closing: too late to send/recv, messages will be lost

1631311520950	geckodriver	INFO	Listening on 127.0.0.1:55198
1631311524039	mozrunner::runner	INFO	Running command: "C:\\Program Files\\Mozilla Firefox\\firefox.exe" "--marionette" "-foreground" "-no-remote" "-profile" "C:\\Users\\MICHAE~1\\AppData\\Local\\Temp\\rust_mozprofiletLXB5c"
1631311524850	Marionette	INFO	Marionette enabled
console.warn: SearchSettings: "get: No settings file exists, new profile?" (new NotFoundError("Could not open the file at C:\\Users\\Michael Bock\\AppData\\Local\\Temp\\rust_mozprofiletLXB5c\\search.json.mozlz4", (void 0)))
1631311528425	Marionette	INFO	Listening on port 55206
1631311528886	Marionette	WARN	TLS certificate errors will be ignored for this session
1631311571656	Marionette	WARN	Ignoring event 'pageshow' because document has an invalid readyState of 'uninitialized'.
JavaScript error: , line 0: TypeError: NetworkError when attempting to fetch resource.
JavaScript error: , line 0: TypeError: NetworkError when attempting to fetch resource.
JavaScript error: , line 0: TypeError: NetworkError when attempting to fetch resource.
JavaScript error: , line 0: TypeError: NetworkError when attempting to fetch resource.
[Parent 11376, IPC I/O Parent] WARNING: file /builds/worker/checkouts/gecko/ipc/chromium/src/base/process_util_win.cc:167
1631311928773	Marionette	INFO	Stopped listening on port 55206
1631312001414	geckodriver	INFO	Listening on 127.0.0.1:64555
1631312004512	mozrunner::runner	INFO	Running command: "C:\\Program Files\\Mozilla Firefox\\firefox.exe" "--marionette" "-foreground" "-no-remote" "-profile" "C:\\Users\\MICHAE~1\\AppData\\Local\\Temp\\rust_mozprofileVpvatC"
1631312005404	Marionette	INFO	Marionette enabled
console.warn: SearchSettings: "get: No settings file exists, new profile?" (new NotFoundError("Could not open the file at C:\\Users\\Michael Bock\\AppData\\Local\\Temp\\rust_mozprofileVpvatC\\search.json.mozlz4", (void 0)))
1631312008927	Marionette	INFO	Listening on port 56407
1631312009362	Marionette	WARN	TLS certificate errors will be ignored for this session
JavaScript error: https://secure.quantserve.com/quant.js, line 2: NS_ERROR_UNEXPECTED: 
1631312014570	Marionette	INFO	Stopped listening on port 56407

###!!! [Child][RunMessage] Error: Channel closing: too late to send/recv, messages will be lost

1631312141029	geckodriver	INFO	Listening on 127.0.0.1:56850
1631312144124	mozrunner::runner	INFO	Running command: "C:\\Program Files\\Mozilla Firefox\\firefox.exe" "--marionette" "-foreground" "-no-remote" "-profile" "C:\\Users\\MICHAE~1\\AppData\\Local\\Temp\\rust_mozprofileQ9KI0w"
1631312145201	Marionette	INFO	Marionette enabled
JavaScript error: resource:///modules/BrowserGlue.jsm, line 1341: uncaught exception: undefined
console.warn: SearchSettings: "get: No settings file exists, new profile?" (new NotFoundError("Could not open the file at C:\\Users\\Michael Bock\\AppData\\Local\\Temp\\rust_mozprofileQ9KI0w\\search.json.mozlz4", (void 0)))
1631312148184	Marionette	INFO	Listening on port 52373
[Child 19388, IPC I/O Child] WARNING: pipe error: 232: file /builds/worker/checkouts/gecko/ipc/chromium/src/chrome/common/ipc_channel_win.cc:544
1631312148307	Marionette	WARN	TLS certificate errors will be ignored for this session
JavaScript error: https://ads.pubmatic.com/AdServer/js/user_sync.html?predirect=https%3A%2F%2Frtb.gumgum.com%2Fusersync%3Fb%3Dpbm%26i%3D&gdpr=0&gdprConsent=, line 1: ReferenceError: CommonMeta is not defined
JavaScript error: https://ads.pubmatic.com/AdServer/js/user_sync.html?gdpr=0&gdpr_consent=&us_privacy=&predirect=https%3A%2F%2Fsync.console.adtarget.com.tr%2Fcsync%3Ft%3Da%26ep%3D307406%26extuid%3D, line 1: ReferenceError: CommonMeta is not defined
JavaScript error: https://ads.pubmatic.com/AdServer/js/user_sync.html?p=159110&predirect=https%3A%2F%2Fmp.4dex.io%2Fsetuid%3Fbidder%3Dpubmatic%26uid%3D(PM_UID), line 1: ReferenceError: CommonMeta is not defined
JavaScript error: https://ads.pubmatic.com/AdServer/js/user_sync.html?p=156344&predirect=https%3A%2F%2Fsync.technoratimedia.com%2Fservices%3Fsrv%3Dcs%26pid%3D45%26uid%3D, line 1: ReferenceError: CommonMeta is not defined
JavaScript error: https://ads.pubmatic.com/AdServer/js/user_sync.html?predirect=https%3A%2F%2Fsync.quantumdex.io%2Fsetuid%3Fbidder%3Dpubmatic%26uid%3D, line 1: ReferenceError: CommonMeta is not defined
JavaScript error: https://ads.pubmatic.com/AdServer/js/user_sync.html?&p=156423&us_privacy=&predirect=https%3A%2F%2Fcms-xch-chicago.33across.com%2Fmatch%3Fus_privacy%3D%26bidder_id%3D25%26external_user_id%3D, line 1: ReferenceError: CommonMeta is not defined
JavaScript warning: https://pagead2.googlesyndication.com/bg/SRvJn55X6RWbfV9KOXYL310U_n7bQjLBtP3JEbFBTGg.js line 1 > eval line 1494 > eval, line 1: Failed to create WebGL context: WebGL is currently disabled.
JavaScript error: https://ads.pubmatic.com/AdServer/js/user_sync.html?p=156813&userIdMacro=PM_UID&predirect=https%3A%2F%2Fsync.adtelligent.com%2Fcsync%3Ft%3Da%26ep%3D281178%26extuid%3DPM_UID, line 1: ReferenceError: CommonMeta is not defined
JavaScript warning: https://pagead2.googlesyndication.com/bg/SRvJn55X6RWbfV9KOXYL310U_n7bQjLBtP3JEbFBTGg.js line 1 > eval line 1545 > eval line 1 > eval, line 1: Failed to create WebGL context: WebGL is currently disabled.
JavaScript warning: https://pagead2.googlesyndication.com/bg/SRvJn55X6RWbfV9KOXYL310U_n7bQjLBtP3JEbFBTGg.js line 1 > eval line 6980 > eval line 1 > eval, line 1: Failed to create WebGL context: WebGL is currently disabled.
JavaScript warning: https://pagead2.googlesyndication.com/bg/SRvJn55X6RWbfV9KOXYL310U_n7bQjLBtP3JEbFBTGg.js line 1 > eval line 6702 > eval line 1 > eval, line 1: Failed to create WebGL context: WebGL is currently disabled.
JavaScript warning: https://pagead2.googlesyndication.com/bg/SRvJn55X6RWbfV9KOXYL310U_n7bQjLBtP3JEbFBTGg.js line 1 > eval line 1137 > eval line 1 > eval, line 1: Failed to create WebGL context: WebGL is currently disabled.
JavaScript error: , line 0: TypeError: NetworkError when attempting to fetch resource.
JavaScript error: , line 0: TypeError: NetworkError when attempting to fetch resource.
1631312225867	Marionette	INFO	Stopped listening on port 52373
1631312577351	geckodriver	INFO	Listening on 127.0.0.1:52744
1631312580444	mozrunner::runner	INFO	Running command: "C:\\Program Files\\Mozilla Firefox\\firefox.exe" "--marionette" "-foreground" "-no-remote" "-profile" "C:\\Users\\MICHAE~1\\AppData\\Local\\Temp\\rust_mozprofile9MJQet"
1631312581252	Marionette	INFO	Marionette enabled
console.warn: SearchSettings: "get: No settings file exists, new profile?" (new NotFoundError("Could not open the file at C:\\Users\\Michael Bock\\AppData\\Local\\Temp\\rust_mozprofile9MJQet\\search.json.mozlz4", (void 0)))
1631312584673	Marionette	INFO	Listening on port 52752
1631312584800	Marionette	WARN	TLS certificate errors will be ignored for this session
1631312591292	Marionette	WARN	Ignoring event 'pageshow' because document has an invalid readyState of 'uninitialized'.
1631312592034	Marionette	WARN	Ignoring event 'pageshow' because document has an invalid readyState of 'uninitialized'.
1631312628396	Marionette	WARN	Ignoring event 'pageshow' because document has an invalid readyState of 'uninitialized'.
JavaScript error: , line 0: TypeError: NetworkError when attempting to fetch resource.
1631312653580	Marionette	INFO	Stopped listening on port 52752
1631312686648	geckodriver	INFO	Listening on 127.0.0.1:50511
1631312689745	mozrunner::runner	INFO	Running command: "C:\\Program Files\\Mozilla Firefox\\firefox.exe" "--marionette" "-foreground" "-no-remote" "-profile" "C:\\Users\\MICHAE~1\\AppData\\Local\\Temp\\rust_mozprofileN8CSft"
1631312690398	Marionette	INFO	Marionette enabled
console.warn: SearchSettings: "get: No settings file exists, new profile?" (new NotFoundError("Could not open the file at C:\\Users\\Michael Bock\\AppData\\Local\\Temp\\rust_mozprofileN8CSft\\search.json.mozlz4", (void 0)))
1631312693890	Marionette	INFO	Listening on port 64746
1631312694035	Marionette	WARN	TLS certificate errors will be ignored for this session
1631312701412	Marionette	WARN	Ignoring event 'pageshow' because document has an invalid readyState of 'uninitialized'.
1631312701807	Marionette	WARN	Ignoring event 'pageshow' because document has an invalid readyState of 'uninitialized'.
JavaScript error: , line 0: TypeError: NetworkError when attempting to fetch resource.
JavaScript error: , line 0: TypeError: NetworkError when attempting to fetch resource.
1631312748894	Marionette	INFO	Stopped listening on port 64746

###!!! [Child][RunMessage] Error: Channel closing: too late to send/recv, messages will be lost

1631312762397	geckodriver	INFO	Listening on 127.0.0.1:57563
1631312765501	mozrunner::runner	INFO	Running command: "C:\\Program Files\\Mozilla Firefox\\firefox.exe" "--marionette" "-foreground" "-no-remote" "-profile" "C:\\Users\\MICHAE~1\\AppData\\Local\\Temp\\rust_mozprofileqVxWYw"
1631312766326	Marionette	INFO	Marionette enabled
console.warn: SearchSettings: "get: No settings file exists, new profile?" (new NotFoundError("Could not open the file at C:\\Users\\Michael Bock\\AppData\\Local\\Temp\\rust_mozprofileqVxWYw\\search.json.mozlz4", (void 0)))
1631312769860	Marionette	INFO	Listening on port 57580
1631312770380	Marionette	WARN	TLS certificate errors will be ignored for this session
1631312779583	Marionette	WARN	Ignoring event 'pageshow' because document has an invalid readyState of 'uninitialized'.
*** UTM:SVC TimerManager:registerTimer called after profile-before-change notification. Ignoring timer registration for id: telemetry_modules_ping
*** UTM:SVC TimerManager:registerTimer called after profile-before-change notification. Ignoring timer registration for id: telemetry_untrustedmodules_ping
1631312826333	Marionette	INFO	Stopped listening on port 57580
[GPU 18008, IPC I/O Child] WARNING: pipe error: 232: file /builds/worker/checkouts/gecko/ipc/chromium/src/chrome/common/ipc_channel_win.cc:544
1631313244265	geckodriver	INFO	Listening on 127.0.0.1:62501
1631313247312	mozrunner::runner	INFO	Running command: "C:\\Program Files\\Mozilla Firefox\\firefox.exe" "--marionette" "-foreground" "-no-remote" "-profile" "C:\\Users\\MICHAE~1\\AppData\\Local\\Temp\\rust_mozprofile9Xx05d"
1631313247867	Marionette	INFO	Marionette enabled
console.warn: SearchSettings: "get: No settings file exists, new profile?" (new NotFoundError("Could not open the file at C:\\Users\\Michael Bock\\AppData\\Local\\Temp\\rust_mozprofile9Xx05d\\search.json.mozlz4", (void 0)))
1631313250091	Marionette	INFO	Listening on port 62576
1631313250529	Marionette	WARN	TLS certificate errors will be ignored for this session
1631313257596	Marionette	WARN	Ignoring event 'pageshow' because document has an invalid readyState of 'uninitialized'.
JavaScript error: , line 0: TypeError: NetworkError when attempting to fetch resource.
JavaScript error: , line 0: TypeError: NetworkError when attempting to fetch resource.
1631313322831	Marionette	WARN	Ignoring event 'DOMContentLoaded' because document has an invalid readyState of 'complete'.
JavaScript error: , line 0: TypeError: NetworkError when attempting to fetch resource.
JavaScript error: , line 0: TypeError: NetworkError when attempting to fetch resource.
JavaScript error: , line 0: TypeError: NetworkError when attempting to fetch resource.
JavaScript error: , line 0: TypeError: NetworkError when attempting to fetch resource.
JavaScript error: , line 0: TypeError: NetworkError when attempting to fetch resource.
JavaScript error: , line 0: TypeError: NetworkError when attempting to fetch resource.
JavaScript error: , line 0: TypeError: NetworkError when attempting to fetch resource.
JavaScript error: , line 0: TypeError: NetworkError when attempting to fetch resource.
JavaScript error: , line 0: TypeError: NetworkError when attempting to fetch resource.
JavaScript error: , line 0: TypeError: NetworkError when attempting to fetch resource.
JavaScript error: , line 0: TypeError: NetworkError when attempting to fetch resource.
JavaScript error: , line 0: TypeError: NetworkError when attempting to fetch resource.
1631313646874	Marionette	INFO	Stopped listening on port 62576
otFoundError("Could not open the file at C:\\Users\\Michael Bock\\AppData\\Local\\Temp\\rust_mozprofileHTDZ2j\\search.json.mozlz4", (void 0)))
1631313587545	Marionette	INFO	Listening on port 60156
1631313588012	Marionette	WARN	TLS certificate errors will be ignored for this session
1631313595968	Marionette	WARN	Ignoring event 'pageshow' because document has an invalid readyState of 'uninitialized'.
JavaScript error: , line 0: TypeError: NetworkError when attempting to fetch resource.
JavaScript error: , line 0: TypeError: NetworkError when attempting to fetch resource.
1631313648920	Marionette	INFO	Stopped listening on port 60156

###!!! [Child][RunMessage] Error: Channel closing: too late to send/recv, messages will be lost

1631313655559	geckodriver	INFO	Listening on 127.0.0.1:62448
1631313658615	mozrunner::runner	INFO	Running command: "C:\\Program Files\\Mozilla Firefox\\firefox.exe" "--marionette" "-foreground" "-no-remote" "-profile" "C:\\Users\\MICHAE~1\\AppData\\Local\\Temp\\rust_mozprofile0vf98z"
1631313658909	Marionette	INFO	Marionette enabled
console.warn: SearchSettings: "get: No settings file exists, new profile?" (new NotFoundError("Could not open the file at C:\\Users\\Michael Bock\\AppData\\Local\\Temp\\rust_mozprofile0vf98z\\search.json.mozlz4", (void 0)))
1631313660771	Marionette	INFO	Listening on port 62472
1631313660807	Marionette	WARN	TLS certificate errors will be ignored for this session
JavaScript error: https://ads.pubmatic.com/AdServer/js/user_sync.html?gdpr=0&gdpr_consent=&us_privacy=&predirect=https%3A%2F%2Fsync.console.adtarget.com.tr%2Fcsync%3Ft%3Da%26ep%3D307406%26extuid%3D, line 1: ReferenceError: CommonMeta is not defined
JavaScript error: https://ads.pubmatic.com/AdServer/js/user_sync.html?predirect=https%3A%2F%2Frtb.gumgum.com%2Fusersync%3Fb%3Dpbm%26i%3D&gdpr=0&gdprConsent=, line 1: ReferenceError: CommonMeta is not defined
1631313668904	Marionette	WARN	Ignoring event 'pageshow' because document has an invalid readyState of 'uninitialized'.
JavaScript error: https://ads.pubmatic.com/AdServer/js/user_sync.html?p=156813&userIdMacro=PM_UID&predirect=https%3A%2F%2Fsync.adtelligent.com%2Fcsync%3Ft%3Da%26ep%3D281178%26extuid%3DPM_UID, line 1: ReferenceError: CommonMeta is not defined
JavaScript error: , line 0: TypeError: NetworkError when attempting to fetch resource.
1631313762382	Marionette	INFO	Stopped listening on port 62472
1631313860936	geckodriver	INFO	Listening on 127.0.0.1:64698
1631313864015	mozrunner::runner	INFO	Running command: "C:\\Program Files\\Mozilla Firefox\\firefox.exe" "--marionette" "-foreground" "-no-remote" "-profile" "C:\\Users\\MICHAE~1\\AppData\\Local\\Temp\\rust_mozprofileuF7ED8"
1631313864329	Marionette	INFO	Marionette enabled
console.warn: SearchSettings: "get: No settings file exists, new profile?" (new NotFoundError("Could not open the file at C:\\Users\\Michael Bock\\AppData\\Local\\Temp\\rust_mozprofileuF7ED8\\search.json.mozlz4", (void 0)))
1631313866369	Marionette	INFO	Listening on port 64706
1631313866692	Marionette	WARN	TLS certificate errors will be ignored for this session
1631313872756	Marionette	WARN	Ignoring event 'pageshow' because document has an invalid readyState of 'uninitialized'.
1631313873119	Marionette	WARN	Ignoring event 'pageshow' because document has an invalid readyState of 'uninitialized'.
1631313873133	Marionette	WARN	Ignoring event 'pageshow' because document has an invalid readyState of 'uninitialized'.
JavaScript error: , line 0: TypeError: NetworkError when attempting to fetch resource.
1631313942155	Marionette	INFO	Stopped listening on port 64706

###!!! [Child][RunMessage] Error: Channel closing: too late to send/recv, messages will be lost

1631313992645	geckodriver	INFO	Listening on 127.0.0.1:60403
1631313995720	mozrunner::runner	INFO	Running command: "C:\\Program Files\\Mozilla Firefox\\firefox.exe" "--marionette" "-foreground" "-no-remote" "-profile" "C:\\Users\\MICHAE~1\\AppData\\Local\\Temp\\rust_mozprofileQwj7t4"
1631313996016	Marionette	INFO	Marionette enabled
console.warn: SearchSettings: "get: No settings file exists, new profile?" (new NotFoundError("Could not open the file at C:\\Users\\Michael Bock\\AppData\\Local\\Temp\\rust_mozprofileQwj7t4\\search.json.mozlz4", (void 0)))
1631313997911	Marionette	INFO	Listening on port 52496
1631313998404	Marionette	WARN	TLS certificate errors will be ignored for this session
1631314039516	Marionette	WARN	Ignoring event 'pageshow' because document has an invalid readyState of 'uninitialized'.
JavaScript error: , line 0: TypeError: NetworkError when attempting to fetch resource.
1631314076575	Marionette	INFO	Stopped listening on port 52496

###!!! [Child][RunMessage] Error: Channel closing: too late to send/recv, messages will be lost

1631314208968	geckodriver	INFO	Listening on 127.0.0.1:52716
1631314212057	mozrunner::runner	INFO	Running command: "C:\\Program Files\\Mozilla Firefox\\firefox.exe" "--marionette" "-foreground" "-no-remote" "-profile" "C:\\Users\\MICHAE~1\\AppData\\Local\\Temp\\rust_mozprofile9InLwL"
1631314212373	Marionette	INFO	Marionette enabled
console.warn: SearchSettings: "get: No settings file exists, new profile?" (new NotFoundError("Could not open the file at C:\\Users\\Michael Bock\\AppData\\Local\\Temp\\rust_mozprofile9InLwL\\search.json.mozlz4", (void 0)))
1631314214419	Marionette	INFO	Listening on port 58296
1631314214728	Marionette	WARN	TLS certificate errors will be ignored for this session
JavaScript error: https://ads.pubmatic.com/AdServer/js/user_sync.html?gdpr=0&gdpr_consent=&us_privacy=&predirect=https%3A%2F%2Fsync.console.adtarget.com.tr%2Fcsync%3Ft%3Da%26ep%3D307406%26extuid%3D, line 1: ReferenceError: CommonMeta is not defined
JavaScript error: https://ads.pubmatic.com/AdServer/js/user_sync.html?predirect=https%3A%2F%2Frtb.gumgum.com%2Fusersync%3Fb%3Dpbm%26i%3D&gdpr=0&gdprConsent=, line 1: ReferenceError: CommonMeta is not defined
1631314221490	Marionette	WARN	Ignoring event 'pageshow' because document has an invalid readyState of 'uninitialized'.
SourceActor threw an exception: [Exception... "Component returned failure code: 0x80470002 (NS_BASE_STREAM_CLOSED) [nsIInputStream.available]"  nsresult: "0x80470002 (NS_BASE_STREAM_CLOSED)"  location: "JS frame :: resource://devtools/shared/DevToolsUtils.js :: onResponse :: line 567"  data: no]
Stack: onResponse@resource://devtools/shared/DevToolsUtils.js:567:34
onStopRequest@resource://gre/modules/NetUtil.jsm:128:18
Line: 567, column: 0
console.error: ({})
SourceActor threw an exception: [Exception... "Component returned failure code: 0x80470002 (NS_BASE_STREAM_CLOSED) [nsIInputStream.available]"  nsresult: "0x80470002 (NS_BASE_STREAM_CLOSED)"  location: "JS frame :: resource://devtools/shared/DevToolsUtils.js :: onResponse :: line 567"  data: no]
Stack: onResponse@resource://devtools/shared/DevToolsUtils.js:567:34
onStopRequest@resource://gre/modules/NetUtil.jsm:128:18
Line: 567, column: 0
console.error: ({})
JavaScript error: resource://devtools/shared/DevToolsUtils.js, line 567: NS_BASE_STREAM_CLOSED: Component returned failure code: 0x80470002 (NS_BASE_STREAM_CLOSED) [nsIInputStream.available]
JavaScript error: resource://devtools/shared/DevToolsUtils.js, line 567: NS_BASE_STREAM_CLOSED: Component returned failure code: 0x80470002 (NS_BASE_STREAM_CLOSED) [nsIInputStream.available]
SourceActor threw an exception: [Exception... "Component returned failure code: 0x80470002 (NS_BASE_STREAM_CLOSED) [nsIInputStream.available]"  nsresult: "0x80470002 (NS_BASE_STREAM_CLOSED)"  location: "JS frame :: resource://devtools/shared/DevToolsUtils.js :: onResponse :: line 567"  data: no]
Stack: onResponse@resource://devtools/shared/DevToolsUtils.js:567:34
onStopRequest@resource://gre/modules/NetUtil.jsm:128:18
Line: 567, column: 0
console.error: ({})
JavaScript error: resource://devtools/shared/DevToolsUtils.js, line 567: NS_BASE_STREAM_CLOSED: Component returned failure code: 0x80470002 (NS_BASE_STREAM_CLOSED) [nsIInputStream.available]
JavaScript error: https://ads.pubmatic.com/AdServer/js/user_sync.html?p=156813&userIdMacro=PM_UID&predirect=https%3A%2F%2Fsync.adtelligent.com%2Fcsync%3Ft%3Da%26ep%3D281178%26extuid%3DPM_UID, line 1: ReferenceError: CommonMeta is not defined
JavaScript error: , line 0: TypeError: NetworkError when attempting to fetch resource.
console.error: "Error while calling actor 'layout's method 'getGrids'" "node is null"
console.error: (new TypeError("node is null", "resource://devtools/server/actors/layout.js", 502))
JavaScript error: , line 0: TypeError: NetworkError when attempting to fetch resource.
JavaScript error: , line 0: TypeError: NetworkError when attempting to fetch resource.
JavaScript error: resource://devtools/shared/protocol/Front.js, line 103: Error: Connection closed, pending request to server0.conn0.child4/domnode86, type setNodeValue failed

Request stack:
request@resource://devtools/shared/protocol/Front.js:292:14
generateRequestMethods/</frontProto[name]@resource://devtools/shared/protocol/Front/FrontClassWithSpec.js:46:19
showTextEditor/done/</<@resource://devtools/client/inspector/markup/views/text-editor.js:101:25
do@resource://devtools/client/shared/undo.js:70:16
endBatch@resource://devtools/client/shared/undo.js:81:11
do@resource://devtools/client/shared/undo.js:93:10
showTextEditor/done/<@resource://devtools/client/inspector/markup/views/text-editor.js:99:31
process@resource://gre/modules/Promise-backend.js:961:38
walkerLoop@resource://gre/modules/Promise-backend.js:845:29
Promise*scheduleWalkerLoop@resource://gre/modules/Promise-backend.js1631314559521	Marionette	INFO	Stopped listening on port 54308

###!!! [Child][RunMessage] Error: Channel closing: too late to send/recv, messages will be lost

tte	INFO	Stopped listening on port 58296

###!!! [Child][RunMessage] Error: Channel closing: too late to send/recv, messages will be lost

1631314604529	geckodriver	INFO	Listening on 127.0.0.1:50230
1631314607602	mozrunner::runner	INFO	Running command: "C:\\Program Files\\Mozilla Firefox\\firefox.exe" "--marionette" "-foreground" "-no-remote" "-profile" "C:\\Users\\MICHAE~1\\AppData\\Local\\Temp\\rust_mozprofileoHz21k"
1631314607930	Marionette	INFO	Marionette enabled
console.warn: SearchSettings: "get: No settings file exists, new profile?" (new NotFoundError("Could not open the file at C:\\Users\\Michael Bock\\AppData\\Local\\Temp\\rust_mozprofileoHz21k\\search.json.mozlz4", (void 0)))
1631314609874	Marionette	INFO	Listening on port 65368
1631314610281	Marionette	WARN	TLS certificate errors will be ignored for this session
1631314615944	Marionette	WARN	Ignoring event 'pageshow' because document has an invalid readyState of 'uninitialized'.
JavaScript error: , line 0: TypeError: NetworkError when attempting to fetch resource.
1631314692414	Marionette	INFO	Stopped listening on port 65368

###!!! [Child][RunMessage] Error: Channel closing: too late to send/recv, messages will be lost

l\\Temp\\rust_mozprofileYcN3L6"
1631314687581	Marionette	INFO	Marionette enabled
console.warn: SearchSettings: "get: No settings file exists, new profile?" (new NotFoundError("Could not open the file at C:\\Users\\Michael Bock\\AppData\\Local\\Temp\\rust_mozprofileYcN3L6\\search.json.mozlz4", (void 0)))
1631314689523	Marionette	INFO	Listening on port 53461
1631314689911	Marionette	WARN	TLS certificate errors will be ignored for this session
1631314696129	Marionette	WARN	Ignoring event 'pageshow' because document has an invalid readyState of 'uninitialized'.
JavaScript error: , line 0: TypeError: NetworkError when attempting to fetch resource.
SourceActor threw an exception: [Exception... "Component returned failure code: 0x80470002 (NS_BASE_STREAM_CLOSED) [nsIInputStream.available]"  nsresult: "0x80470002 (NS_BASE_STREAM_CLOSED)"  location: "JS frame :: resource://devtools/shared/DevToolsUtils.js :: onResponse :: line 567"  data: no]
Stack: onResponse@resource://devtools/shared/DevToolsUtils.js:567:34
onStopRequest@resource://gre/modules/NetUtil.jsm:128:18
Line: 567, column: 0
console.error: ({})
JavaScript error: resource://devtools/shared/DevToolsUtils.js, line 567: NS_BASE_STREAM_CLOSED: Component returned failure code: 0x80470002 (NS_BASE_STREAM_CLOSED) [nsIInputStream.available]
JavaScript error: , line 0: TypeError: NetworkError when attempting to fetch resource.
1631315063469	Marionette	INFO	Stopped listening on port 53461
1631315194640	geckodriver	INFO	Listening on 127.0.0.1:63003
1631315197717	mozrunner::runner	INFO	Running command: "C:\\Program Files\\Mozilla Firefox\\firefox.exe" "--marionette" "-foreground" "-no-remote" "-profile" "C:\\Users\\MICHAE~1\\AppData\\Local\\Temp\\rust_mozprofileYVkevb"
1631315198034	Marionette	INFO	Marionette enabled
console.warn: SearchSettings: "get: No settings file exists, new profile?" (new NotFoundError("Could not open the file at C:\\Users\\Michael Bock\\AppData\\Local\\Temp\\rust_mozprofileYVkevb\\search.json.mozlz4", (void 0)))
1631315199873	Marionette	INFO	Listening on port 54059
1631315199925	Marionette	WARN	TLS certificate errors will be ignored for this session
1631315207854	Marionette	WARN	Ignoring event 'pageshow' because document has an invalid readyState of 'uninitialized'.
JavaScript error: , line 0: TypeError: NetworkError when attempting to fetch resource.
JavaScript error: , line 0: TypeError: NetworkError when attempting to fetch resource.
console.log: WebExtensions: reset-default-search: starting.
console.log: WebExtensions: reset-default-search: No addons in our list are installed.
1631315722714	Marionette	INFO	Stopped listening on port 54059
rionette	INFO	Marionette enabled
console.warn: SearchSettings: "get: No settings file exists, new profile?" (new NotFoundError("Could not open the file at C:\\Users\\Michael Bock\\AppData\\Local\\Temp\\rust_mozprofileqXs97z\\search.json.mozlz4", (void 0)))
1631315478039	Marionette	INFO	Listening on port 64834
1631315478300	Marionette	WARN	TLS certificate errors will be ignored for this session
1631315484694	Marionette	WARN	Ignoring event 'pageshow' because document has an invalid readyState of 'uninitialized'.
JavaScript error: , line 0: TypeError: NetworkError when attempting to fetch resource.
1631315723713	Marionette	INFO	Stopped listening on port 64834

###!!! [Child][RunMessage] Error: Channel closing: too late to send/recv, messages will be lost

l\\Temp\\rust_mozprofileNWTF0d"
1631315609867	Marionette	INFO	Marionette enabled
console.warn: SearchSettings: "get: No settings file exists, new profile?" (new NotFoundError("Could not open the file at C:\\Users\\Michael Bock\\AppData\\Local\\Temp\\rust_mozprofileNWTF0d\\search.json.mozlz4", (void 0)))
1631315612042	Marionette	INFO	Listening on port 60599
1631315612254	Marionette	WARN	TLS certificate errors will be ignored for this session
JavaScript error: https://ads.pubmatic.com/AdServer/js/user_sync.html?gdpr=0&gdpr_consent=&us_privacy=&predirect=https%3A%2F%2Fsync.console.adtarget.com.tr%2Fcsync%3Ft%3Da%26ep%3D307406%26extuid%3D, line 1: ReferenceError: CommonMeta is not defined
1631315619068	Marionette	WARN	Ignoring event 'pageshow' because document has an invalid readyState of 'uninitialized'.
JavaScript error: https://ads.pubmatic.com/AdServer/js/user_sync.html?predirect=https%3A%2F%2Frtb.gumgum.com%2Fusersync%3Fb%3Dpbm%26i%3D&gdpr=0&gdprConsent=, line 1: ReferenceError: CommonMeta is not defined
JavaScript error: , line 0: TypeError: NetworkError when attempting to fetch resource.
JavaScript error: , line 0: TypeError: NetworkError when attempting to fetch resource.
[Child 23340, IPC I/O Child] WARNING: pipe error: 232: file /builds/worker/checkouts/gecko/ipc/chromium/src/chrome/common/ipc_channel_win.cc:544
[Child 23340, IPC I/O Child] WARNING: pipe error: 232: file /builds/worker/checkouts/gecko/ipc/chromium/src/chrome/common/ipc_channel_win.cc:544
1631315725120	Marionette	INFO	Stopped listening on port 60599

###!!! [Child][RunMessage] Error: Channel closing: too late to send/recv, messages will be lost

1631315733391	geckodriver	INFO	Listening on 127.0.0.1:49688
1631315736437	mozrunner::runner	INFO	Running command: "C:\\Program Files\\Mozilla Firefox\\firefox.exe" "--marionette" "-foreground" "-no-remote" "-profile" "C:\\Users\\MICHAE~1\\AppData\\Local\\Temp\\rust_mozprofileWCM7Ge"
1631315736778	Marionette	INFO	Marionette enabled
console.warn: SearchSettings: "get: No settings file exists, new profile?" (new NotFoundError("Could not open the file at C:\\Users\\Michael Bock\\AppData\\Local\\Temp\\rust_mozprofileWCM7Ge\\search.json.mozlz4", (void 0)))
1631315738628	Marionette	INFO	Listening on port 53462
1631315739134	Marionette	WARN	TLS certificate errors will be ignored for this session
1631315746011	Marionette	WARN	Ignoring event 'pageshow' because document has an invalid readyState of 'uninitialized'.
JavaScript error: , line 0: TypeError: NetworkError when attempting to fetch resource.
JavaScript error: , line 0: TypeError: NetworkError when attempting to fetch resource.
JavaScript error: , line 0: TypeError: NetworkError when attempting to fetch resource.
1631315875547	Marionette	INFO	Stopped listening on port 53462
1631316029609	geckodriver	INFO	Listening on 127.0.0.1:58427
1631316032688	mozrunner::runner	INFO	Running command: "C:\\Program Files\\Mozilla Firefox\\firefox.exe" "--marionette" "-foreground" "-no-remote" "-profile" "C:\\Users\\MICHAE~1\\AppData\\Local\\Temp\\rust_mozprofileqOukSi"
1631316032974	Marionette	INFO	Marionette enabled
console.warn: SearchSettings: "get: No settings file exists, new profile?" (new NotFoundError("Could not open the file at C:\\Users\\Michael Bock\\AppData\\Local\\Temp\\rust_mozprofileqOukSi\\search.json.mozlz4", (void 0)))
1631316034870	Marionette	INFO	Listening on port 54780
1631316035351	Marionette	WARN	TLS certificate errors will be ignored for this session
1631316043229	Marionette	WARN	Ignoring event 'pageshow' because document has an invalid readyState of 'uninitialized'.
JavaScript error: , line 0: TypeError: NetworkError when attempting to fetch resource.
JavaScript error: , line 0: TypeError: NetworkError when attempting to fetch resource.
JavaScript error: , line 0: TypeError: NetworkError when attempting to fetch resource.
JavaScript error: , line 0: TypeError: NetworkError when attempting to fetch resource.
1631316355452	Marionette	INFO	Stopped listening on port 54780

###!!! [Child][RunMessage] Error: Channel closing: too late to send/recv, messages will be lost

"Could not open the file at C:\\Users\\Michael Bock\\AppData\\Local\\Temp\\rust_mozprofilex8rYMi\\search.json.mozlz4", (void 0)))
1631316155934	Marionette	INFO	Listening on port 62863
1631316156217	Marionette	WARN	TLS certificate errors will be ignored for this session
JavaScript error: https://ads.pubmatic.com/AdServer/js/user_sync.html?gdpr=0&gdpr_consent=&us_privacy=&predirect=https%3A%2F%2Fsync.console.adtarget.com.tr%2Fcsync%3Ft%3Da%26ep%3D307406%26extuid%3D, line 1: ReferenceError: CommonMeta is not defined
JavaScript error: https://ads.pubmatic.com/AdServer/js/user_sync.html?predirect=https%3A%2F%2Frtb.gumgum.com%2Fusersync%3Fb%3Dpbm%26i%3D&gdpr=0&gdprConsent=, line 1: ReferenceError: CommonMeta is not defined
1631316162574	Marionette	WARN	Ignoring event 'pageshow' because document has an invalid readyState of 'uninitialized'.
1631316162595	Marionette	WARN	Ignoring event 'pageshow' because document has an invalid readyState of 'uninitialized'.
JavaScript error: https://ads.pubmatic.com/AdServer/js/user_sync.html?p=156813&userIdMacro=PM_UID&predirect=https%3A%2F%2Fsync.adtelligent.com%2Fcsync%3Ft%3Da%26ep%3D281178%26extuid%3DPM_UID, line 1: ReferenceError: CommonMeta is not defined
JavaScript error: , line 0: TypeError: NetworkError when attempting to fetch resource.
JavaScript error: , line 0: TypeError: NetworkError when attempting to fetch resource.
1631316350578	Marionette	INFO	Stopped listening on port 62863
AppData\\Local\\Temp\\rust_mozprofilevh0c2j"
1631316248588	Marionette	INFO	Marionette enabled
console.warn: SearchSettings: "get: No settings file exists, new profile?" (new NotFoundError("Could not open the file at C:\\Users\\Michael Bock\\AppData\\Local\\Temp\\rust_mozprofilevh0c2j\\search.json.mozlz4", (void 0)))
1631316250692	Marionette	INFO	Listening on port 65223
1631316250949	Marionette	WARN	TLS certificate errors will be ignored for this session
1631316256358	Marionette	WARN	Ignoring event 'pageshow' because document has an invalid readyState of 'uninitialized'.
JavaScript error: , line 0: TypeError: NetworkError when attempting to fetch resource.

###!!! [Child][MessageChannel] Error: (msgtype=0x590008,name=PHttpChannel::Msg_DeletingChannel) Channel closing: too late to send/recv, messages will be lost

1631316354333	Marionette	INFO	Stopped listening on port 65223

###!!! [Child][RunMessage] Error: Channel closing: too late to send/recv, messages will be lost

otFoundError("Could not open the file at C:\\Users\\Michael Bock\\AppData\\Local\\Temp\\rust_mozprofileaD2hfN\\search.json.mozlz4", (void 0)))
1631316349746	Marionette	INFO	Listening on port 51187
1631316350261	Marionette	WARN	TLS certificate errors will be ignored for this session
1631316356624	Marionette	WARN	Ignoring event 'pageshow' because document has an invalid readyState of 'uninitialized'.
1631316357016	Marionette	WARN	Ignoring event 'pageshow' because document has an invalid readyState of 'uninitialized'.
JavaScript error: , line 0: TypeError: NetworkError when attempting to fetch resource.
1631316475410	Marionette	INFO	Stopped listening on port 51187
1631316488188	geckodriver	INFO	Listening on 127.0.0.1:51164
1631316491266	mozrunner::runner	INFO	Running command: "C:\\Program Files\\Mozilla Firefox\\firefox.exe" "--marionette" "-foreground" "-no-remote" "-profile" "C:\\Users\\MICHAE~1\\AppData\\Local\\Temp\\rust_mozprofile1K6uBO"
1631316491596	Marionette	INFO	Marionette enabled
console.warn: SearchSettings: "get: No settings file exists, new profile?" (new NotFoundError("Could not open the file at C:\\Users\\Michael Bock\\AppData\\Local\\Temp\\rust_mozprofile1K6uBO\\search.json.mozlz4", (void 0)))
1631316493517	Marionette	INFO	Listening on port 53880
1631316493930	Marionette	WARN	TLS certificate errors will be ignored for this session
JavaScript error: , line 0: TypeError: NetworkError when attempting to fetch resource.
JavaScript error: , line 0: TypeError: NetworkError when attempting to fetch resource.
JavaScript error: , line 0: TypeError: NetworkError when attempting to fetch resource.
JavaScript error: , line 0: TypeError: NetworkError when attempting to fetch resource.
JavaScript error: , line 0: TypeError: NetworkError when attempting to fetch resource.
SourceActor threw an exception: [Exception... "Component returned failure code: 0x80470002 (NS_BASE_STREAM_CLOSED) [nsIInputStream.available]"  nsresult: "0x80470002 (NS_BASE_STREAM_CLOSED)"  location: "JS frame :: resource://devtools/shared/DevToolsUtils.js :: onResponse :: line 567"  data: no]
Stack: onResponse@resource://devtools/shared/DevToolsUtils.js:567:34
onStopRequest@resource://gre/modules/NetUtil.jsm:128:18
Line: 567, column: 0
console.error: ({})
JavaScript error: resource://devtools/shared/DevToolsUtils.js, line 567: NS_BASE_STREAM_CLOSED: Component returned failure code: 0x80470002 (NS_BASE_STREAM_CLOSED) [nsIInputStream.available]
JavaScript error: , line 0: TypeError: NetworkError when attempting to fetch resource.
JavaScript error: , line 0: TypeError: NetworkError when attempting to fetch resource.
Handler function threw an exception: [Exception... "Component returned failure code: 0x80040111 (NS_ERROR_NOT_AVAILABLE) [nsIHttpChannelInternal.remoteAddress]"  nsresult: "0x80040111 (NS_ERROR_NOT_AVAILABLE)"  location: "JS frame :: resource://devtools/server/actors/network-monitor/network-observer.js :: _onResponseHeader :: line 1043"  data: no]
Stack: _onResponseHeader@resource://devtools/server/actors/network-monitor/network-observer.js:1043:5
_dispatchActivity@resource://devtools/server/actors/network-monitor/network-observer.js:620:14
NetworkObserver.prototype.observeActivity<@resource://devtools/server/actors/network-monitor/network-observer.js:729:12
exports.makeInfallible/<@resource://devtools/shared/ThreadSafeJavaScript error: , line 0: TypeError: NetworkError when attempting to fetch resource.
1631316737587	Marionette	INFO	Stopped lis1631316738104	mozrunner::runner	INFO	Running command: "C:\\Program Files\\Mozilla Firefox\\firefox.exe" "--marionette" "-foreground" "-no-remote" "-profile" "C:\\Users\\MICHAE~1\\AppData\\Local\\Temp\\rust_mozprofileAeDpon"
1631316738406	Marionette	INFO	Marionette enabled
console.warn: SearchSettings: "get: No settings file exists, new profile?" (new NotFoundError("Could not open the file at C:\\Users\\Michael Bock\\AppData\\Local\\Temp\\rust_mozprofileAeDpon\\search.json.mozlz4", (void 0)))
1631316740400	Marionette	INFO	Listening on port 51232
1631316740805	Marionette	WARN	TLS certificate errors will be ignored for this session
1631316784987	Marionette	WARN	Ignoring event 'pageshow' because document has an invalid readyState of 'uninitialized'.
JavaScript error: , line 0: TypeError: NetworkError when attempting to fetch resource.
1631316876201	Marionette	INFO	Stopped listening on port 51232
1316876199	mozrunner::runner	INFO	Running command: "C:\\Program Files\\Mozilla Firefox\\firefox.exe" "--marionette" "-foreground" "-no-remote" "-profile" "C:\\Users\\MICHAE~1\\AppData\\Local\\Temp\\rust_mozprofiles0jvwJ"
1631316876619	Marionette	INFO	Marionette enabled
console.warn: SearchSettings: "get: No settings file exists, new profile?" (new NotFoundError("Could not open the file at C:\\Users\\Michael Bock\\AppData\\Local\\Temp\\rust_mozprofiles0jvwJ\\search.json.mozlz4", (void 0)))
1631316878527	Marionette	INFO	Listening on port 53182
1631316878863	Marionette	WARN	TLS certificate errors will be ignored for this session
1631316885250	Marionette	WARN	Ignoring event 'pageshow' because document has an invalid readyState of 'uninitialized'.
JavaScript error: , line 0: TypeError: NetworkError when attempting to fetch resource.
1631316961719	Marionette	INFO	Stopped listening on port 53182

###!!! [Child][RunMessage] Error: Channel closing: too late to send/recv, messages will be lost

1631543792709	geckodriver	INFO	Listening on 127.0.0.1:49397
1631543795792	mozrunner::runner	INFO	Running command: "C:\\Program Files\\Mozilla Firefox\\firefox.exe" "--marionette" "-foreground" "-no-remote" "-profile" "C:\\Users\\MICHAE~1\\AppData\\Local\\Temp\\rust_mozprofileAeL2Pz"
1631543796644	Marionette	INFO	Marionette enabled
console.warn: SearchSettings: "get: No settings file exists, new profile?" (new NotFoundError("Could not open the file at C:\\Users\\Michael Bock\\AppData\\Local\\Temp\\rust_mozprofileAeL2Pz\\search.json.mozlz4", (void 0)))
1631543799172	Marionette	INFO	Listening on port 49405
1631543799492	Marionette	WARN	TLS certificate errors will be ignored for this session
1631543806017	Marionette	WARN	Ignoring event 'pageshow' because document has an invalid readyState of 'uninitialized'.
JavaScript error: , line 0: TypeError: NetworkError when attempting to fetch resource.
JavaScript error: , line 0: TypeError: NetworkError when attempting to fetch resource.
1631543914289	Marionette	INFO	Stopped listening on port 49405

###!!! [Child][RunMessage] Error: Channel closing: too late to send/recv, messages will be lost

